[debug] [2023-03-28T17:32:49.713Z] ----------------------------------------------------------------------
[debug] [2023-03-28T17:32:49.717Z] Command:       C:\Program Files\nodejs\node.exe C:\Users\Willian\AppData\Roaming\npm\node_modules\firebase-tools\lib\bin\firebase.js deploy
[debug] [2023-03-28T17:32:49.718Z] CLI Version:   11.10.0
[debug] [2023-03-28T17:32:49.718Z] Platform:      win32
[debug] [2023-03-28T17:32:49.718Z] Node Version:  v17.0.0
[debug] [2023-03-28T17:32:49.721Z] Time:          Tue Mar 28 2023 14:32:49 GMT-0300 (Horário Padrão de Brasília)
[debug] [2023-03-28T17:32:49.721Z] ----------------------------------------------------------------------
[debug] 
[debug] [2023-03-28T17:32:49.837Z] > command requires scopes: ["email","openid","https://www.googleapis.com/auth/cloudplatformprojects.readonly","https://www.googleapis.com/auth/firebase","https://www.googleapis.com/auth/cloud-platform"]
[debug] [2023-03-28T17:32:49.837Z] > authorizing via signed-in user (57020140062@unicentro.edu.br)
[debug] [2023-03-28T17:32:49.837Z] [iam] checking project marciuschat for permissions ["datastore.indexes.create","datastore.indexes.delete","datastore.indexes.list","datastore.indexes.update","firebase.projects.get","firebasehosting.sites.update"]
[debug] [2023-03-28T17:32:49.841Z] >>> [apiv2][query] POST https://cloudresourcemanager.googleapis.com/v1/projects/marciuschat:testIamPermissions [none]
[debug] [2023-03-28T17:32:49.841Z] >>> [apiv2][(partial)header] POST https://cloudresourcemanager.googleapis.com/v1/projects/marciuschat:testIamPermissions x-goog-quota-user=projects/marciuschat
[debug] [2023-03-28T17:32:49.842Z] >>> [apiv2][body] POST https://cloudresourcemanager.googleapis.com/v1/projects/marciuschat:testIamPermissions {"permissions":["datastore.indexes.create","datastore.indexes.delete","datastore.indexes.list","datastore.indexes.update","firebase.projects.get","firebasehosting.sites.update"]}
[debug] [2023-03-28T17:32:54.335Z] <<< [apiv2][status] POST https://cloudresourcemanager.googleapis.com/v1/projects/marciuschat:testIamPermissions 200
[debug] [2023-03-28T17:32:54.338Z] <<< [apiv2][body] POST https://cloudresourcemanager.googleapis.com/v1/projects/marciuschat:testIamPermissions {"permissions":["datastore.indexes.create","datastore.indexes.delete","datastore.indexes.list","datastore.indexes.update","firebase.projects.get","firebasehosting.sites.update"]}
[debug] [2023-03-28T17:32:54.345Z] >>> [apiv2][query] GET https://firebase.googleapis.com/v1beta1/projects/marciuschat [none]
[debug] [2023-03-28T17:32:58.079Z] <<< [apiv2][status] GET https://firebase.googleapis.com/v1beta1/projects/marciuschat 200
[debug] [2023-03-28T17:32:58.080Z] <<< [apiv2][body] GET https://firebase.googleapis.com/v1beta1/projects/marciuschat {"projectId":"marciuschat","projectNumber":"255506769482","displayName":"marciuschat","name":"projects/marciuschat","resources":{"hostingSite":"marciuschat","realtimeDatabaseInstance":"marciuschat-default-rtdb","storageBucket":"marciuschat.appspot.com","locationId":"us-central"},"state":"ACTIVE","etag":"1_0a27d606-1e50-4992-b5cd-23396c3bcf5f"}
[info] 
[info] === Deploying to 'marciuschat'...
[info] 
[info] i  deploying firestore, hosting 
[info] i  firestore: reading indexes from firestore.indexes.json... 
[info] i  cloud.firestore: checking firestore.rules for compilation errors... 
[debug] [2023-03-28T17:32:58.103Z] >>> [apiv2][query] POST https://firebaserules.googleapis.com/v1/projects/marciuschat:test [none]
[debug] [2023-03-28T17:32:58.104Z] >>> [apiv2][body] POST https://firebaserules.googleapis.com/v1/projects/marciuschat:test [omitted]
[debug] [2023-03-28T17:33:02.072Z] <<< [apiv2][status] POST https://firebaserules.googleapis.com/v1/projects/marciuschat:test 200
[debug] [2023-03-28T17:33:02.072Z] <<< [apiv2][body] POST https://firebaserules.googleapis.com/v1/projects/marciuschat:test {}
[info] +  cloud.firestore: rules file firestore.rules compiled successfully 
[debug] [2023-03-28T17:33:02.075Z] >>> [apiv2][query] GET https://firebase.googleapis.com/v1beta1/projects/marciuschat [none]
[debug] [2023-03-28T17:33:05.756Z] <<< [apiv2][status] GET https://firebase.googleapis.com/v1beta1/projects/marciuschat 200
[debug] [2023-03-28T17:33:05.757Z] <<< [apiv2][body] GET https://firebase.googleapis.com/v1beta1/projects/marciuschat {"projectId":"marciuschat","projectNumber":"255506769482","displayName":"marciuschat","name":"projects/marciuschat","resources":{"hostingSite":"marciuschat","realtimeDatabaseInstance":"marciuschat-default-rtdb","storageBucket":"marciuschat.appspot.com","locationId":"us-central"},"state":"ACTIVE","etag":"1_0a27d606-1e50-4992-b5cd-23396c3bcf5f"}
[debug] [2023-03-28T17:33:05.762Z] >>> [apiv2][query] POST https://firebasehosting.googleapis.com/v1beta1/projects/255506769482/sites/marciuschat/versions [none]
[debug] [2023-03-28T17:33:05.763Z] >>> [apiv2][body] POST https://firebasehosting.googleapis.com/v1beta1/projects/255506769482/sites/marciuschat/versions {"config":{},"labels":{"deployment-tool":"cli-firebase"}}
[debug] [2023-03-28T17:33:10.273Z] <<< [apiv2][status] POST https://firebasehosting.googleapis.com/v1beta1/projects/255506769482/sites/marciuschat/versions 200
[debug] [2023-03-28T17:33:10.274Z] <<< [apiv2][body] POST https://firebasehosting.googleapis.com/v1beta1/projects/255506769482/sites/marciuschat/versions {"name":"projects/255506769482/sites/marciuschat/versions/7eb238460f84eb55","status":"CREATED","config":{},"labels":{"deployment-tool":"cli-firebase"}}
[debug] [2023-03-28T17:33:10.282Z] >>> [apiv2][query] GET https://firebaserules.googleapis.com/v1/projects/marciuschat/releases pageSize=10&pageToken=
[debug] [2023-03-28T17:33:10.293Z] >>> [apiv2][query] GET https://firestore.googleapis.com/v1/projects/marciuschat/databases/(default)/collectionGroups/-/indexes [none]
[debug] [2023-03-28T17:33:11.498Z] <<< [apiv2][status] GET https://firestore.googleapis.com/v1/projects/marciuschat/databases/(default)/collectionGroups/-/indexes 200
[debug] [2023-03-28T17:33:11.498Z] <<< [apiv2][body] GET https://firestore.googleapis.com/v1/projects/marciuschat/databases/(default)/collectionGroups/-/indexes {}
[debug] [2023-03-28T17:33:11.499Z] >>> [apiv2][query] GET https://firestore.googleapis.com/v1/projects/marciuschat/databases/(default)/collectionGroups/-/fields?filter=indexConfig.usesAncestorConfig=false [none]
[debug] [2023-03-28T17:33:12.732Z] <<< [apiv2][status] GET https://firestore.googleapis.com/v1/projects/marciuschat/databases/(default)/collectionGroups/-/fields?filter=indexConfig.usesAncestorConfig=false 200
[debug] [2023-03-28T17:33:12.733Z] <<< [apiv2][body] GET https://firestore.googleapis.com/v1/projects/marciuschat/databases/(default)/collectionGroups/-/fields?filter=indexConfig.usesAncestorConfig=false {"fields":[{"name":"projects/marciuschat/databases/(default)/collectionGroups/__default__/fields/*","indexConfig":{"indexes":[{"queryScope":"COLLECTION","fields":[{"fieldPath":"*","order":"ASCENDING"}],"state":"READY"},{"queryScope":"COLLECTION","fields":[{"fieldPath":"*","order":"DESCENDING"}],"state":"READY"},{"queryScope":"COLLECTION","fields":[{"fieldPath":"*","arrayConfig":"CONTAINS"}],"state":"READY"}]}}]}
[info] +  firestore: deployed indexes in firestore.indexes.json successfully 
[debug] [2023-03-28T17:33:14.877Z] <<< [apiv2][status] GET https://firebaserules.googleapis.com/v1/projects/marciuschat/releases 200
[debug] [2023-03-28T17:33:14.877Z] <<< [apiv2][body] GET https://firebaserules.googleapis.com/v1/projects/marciuschat/releases {"releases":[{"name":"projects/marciuschat/releases/cloud.firestore","rulesetName":"projects/marciuschat/rulesets/71b1ba33-0139-4360-989d-ee0eb60db8cf","createTime":"2023-03-25T23:25:17.945780Z","updateTime":"2023-03-28T17:18:02.220164Z"},{"name":"projects/marciuschat/releases/firebase.storage/marciuschat.appspot.com","rulesetName":"projects/marciuschat/rulesets/62a6f818-a7e4-479d-94d7-64874c8e12fc","createTime":"2023-03-25T14:04:08.405753Z","updateTime":"2023-03-25T14:04:08.405753Z"}]}
[debug] [2023-03-28T17:33:14.914Z] >>> [apiv2][query] GET https://firebaserules.googleapis.com/v1/projects/marciuschat/rulesets/71b1ba33-0139-4360-989d-ee0eb60db8cf [none]
[debug] [2023-03-28T17:33:16.113Z] <<< [apiv2][status] GET https://firebaserules.googleapis.com/v1/projects/marciuschat/rulesets/71b1ba33-0139-4360-989d-ee0eb60db8cf 200
[debug] [2023-03-28T17:33:16.113Z] <<< [apiv2][body] GET https://firebaserules.googleapis.com/v1/projects/marciuschat/rulesets/71b1ba33-0139-4360-989d-ee0eb60db8cf [omitted]
[info] i  firestore: latest version of firestore.rules already up to date, skipping upload... 
[info] i  hosting[marciuschat]: beginning deploy... 
[info] i  hosting[marciuschat]: found 8 files in build 
[debug] [2023-03-28T17:33:16.150Z] [hosting] uploading with 200 concurrency
[debug] [2023-03-28T17:33:17.563Z] [hosting] hash cache [YnVpbGQ] stored for 8 files
[debug] [2023-03-28T17:33:17.565Z] [hosting][hash queue][FINAL] {"max":1391,"min":19,"avg":204.375,"active":0,"complete":8,"success":8,"errored":0,"retried":0,"total":8,"elapsed":1407}
[debug] [2023-03-28T17:33:17.566Z] >>> [apiv2][query] POST https://firebasehosting.googleapis.com/v1beta1/projects/255506769482/sites/marciuschat/versions/7eb238460f84eb55:populateFiles [none]
[debug] [2023-03-28T17:33:17.567Z] >>> [apiv2][body] POST https://firebasehosting.googleapis.com/v1beta1/projects/255506769482/sites/marciuschat/versions/7eb238460f84eb55:populateFiles {"files":{"/404.html":"daa499dd96d8229e73235345702ba32f0793f0c8e5c0d30e40e37a5872be57aa","/asset-manifest.json":"992d9f7060cecc56aefd7fe805c4f10a31a718c28e95ee58358ac1ca729f57c8","/index.html":"c61c371d4abb16ff591f065ea785884ac58f5bff57fe671b3f0bed579bb30f18","/static/css/main.71695f44.css":"fcf507160f3714eb71f02159bb4147e4607abdb473a6e44abd059e7991ef1f40","/static/js/main.4ad9015d.js.LICENSE.txt":"ed3be193736496f8a7c32aeeb3c02918a97e2c374d49fcdf8dfda1a6d10342d8","/static/css/main.71695f44.css.map":"50a30d6478f2752b6affbfde21ace5296cbcffb226f8b43d6eb83dff7e2938c0","/static/js/main.4ad9015d.js":"4ed4e2fad1a5c983fbc87d971af16c5f25ecbaeb97f77091af04d15561072010","/static/js/main.4ad9015d.js.map":"a9b72af6359610b929102cac21f635a62bb472c5f16e0fafd1118d224ee57fc4"}}
